ordering pass done (34.049088ms)
  seed alert  E=3.5568  (140.0363ms)
  seed soare  E=3.5931  (233.65081ms)
  seed raise  E=3.5827  (283.117421ms)
  seed crane  E=3.5326  (396.63661ms)
  seed trace  E=3.5192  (495.535466ms)
  seed crate  E=3.5266  (499.563558ms)
  seed slate  E=3.5184  (538.444579ms)
seeds done, incumbent=3.5184  (538.467709ms)
  new best salet  E=3.5175  (548.361883ms)
  ... 50 evaluated, incumbent=3.5175  (2.883569486s)
  ... 100 evaluated, incumbent=3.5175  (4.681281583s)
  ... 150 evaluated, incumbent=3.5175  (6.847942786s)
  ... 200 evaluated, incumbent=3.5175  (8.745746681s)
  ... 250 evaluated, incumbent=3.5175  (10.723268613s)
  ... 300 evaluated, incumbent=3.5175  (12.610836765s)
  ... 350 evaluated, incumbent=3.5175  (14.899823904s)
  ... 400 evaluated, incumbent=3.5175  (17.103689951s)
  ... 450 evaluated, incumbent=3.5175  (19.74794835s)
  ... 500 evaluated, incumbent=3.5175  (22.054796525s)
done (22.054863452s), nodes = 2862350
