loaded 2315 words
pattern matrix built (78.349699ms)
  bucket YGBGY N=1 ... (78.483405ms)
  bucket GGBYY N=1 ... (78.858073ms)
  bucket GBYBG N=1 ... (79.233755ms)
  bucket YBGGB N=1 ... (79.512655ms)
  bucket YGBGB N=1 ... (79.866648ms)
  bucket GGYYY N=1 ... (80.209127ms)
  bucket YYGBB N=1 ... (80.477591ms)
  bucket YBYGG N=1 ... (80.820304ms)
  bucket BYGBY N=1 ... (81.113168ms)
  bucket GBGYB N=1 ... (81.447919ms)
  bucket YGBYB N=1 ... (81.665881ms)
  bucket YYBGB N=1 ... (81.956659ms)
  bucket BGGGB N=1 ... (82.267863ms)
  bucket GYBBG N=1 ... (82.605464ms)
  bucket GBYYY N=1 ... (82.871379ms)
  bucket BYBGY N=1 ... (83.08828ms)
  bucket YGGYB N=1 ... (83.410302ms)
  bucket BYGGB N=1 ... (83.633532ms)
  bucket YYGBY N=1 ... (83.940563ms)
  bucket YBGYY N=1 ... (84.156301ms)
  bucket YBYYG N=1 ... (84.414303ms)
  bucket GGBGB N=1 ... (84.73957ms)
  bucket GBGGG N=1 ... (84.958043ms)
  bucket YYYYY N=1 ... (85.180836ms)
  bucket GBGBG N=2 ... (85.403916ms)
  bucket GGBBG N=2 ... (85.984409ms)
  bucket YBGYG N=2 ... (86.480433ms)
  bucket BGYBY N=2 ... (87.045136ms)
  bucket BGBYB N=2 ... (87.703513ms)
  bucket BBGGY N=2 ... (88.177789ms)
  bucket BYBYY N=2 ... (88.757977ms)
  bucket GBGBB N=2 ... (89.257262ms)
  bucket YBBGY N=2 ... (89.752706ms)
  bucket BGBGG N=2 ... (90.292067ms)
  bucket GYBBY N=2 ... (90.869792ms)
  bucket GBBGG N=2 ... (91.374442ms)
  bucket YYYGB N=2 ... (91.902736ms)
  bucket YYBYY N=3 ... (92.573039ms)
  bucket BBGGG N=3 ... (93.116138ms)
  bucket BYBGB N=3 ... (93.819456ms)
  bucket BBGYY N=3 ... (94.48455ms)
  bucket YGYBY N=3 ... (95.067117ms)
  bucket YGGBG N=3 ... (95.710005ms)
  bucket YBGBG N=3 ... (96.31227ms)
  bucket BGBGB N=3 ... (96.937812ms)
  bucket BGBBY N=3 ... (97.586499ms)
  bucket YGYGB N=3 ... (98.134917ms)
  bucket GBBYY N=3 ... (98.689967ms)
  bucket YBYGY N=4 ... (99.254285ms)
  bucket GBYGB N=4 ... (99.814053ms)
  bucket GBBBY N=4 ... (100.365372ms)
  bucket GBYBY N=4 ... (100.929799ms)
  bucket BYYBG N=4 ... (101.493128ms)
  bucket BYGBG N=4 ... (102.087584ms)
  bucket YBBGG N=4 ... (102.677929ms)
  bucket YYBBG N=4 ... (103.275323ms)
  bucket YBGBY N=5 ... (103.924601ms)
  bucket BBGGB N=5 ... (104.507838ms)
  bucket BGGBG N=5 ... (105.110033ms)
  bucket BBGYG N=5 ... (105.676756ms)
  bucket BGBBG N=5 ... (106.257068ms)
  bucket YGGBB N=5 ... (106.838442ms)
  bucket GBBGB N=5 ... (107.415732ms)
  bucket BBYGY N=5 ... (108.007498ms)
  bucket GGYBB N=6 ... (108.656799ms)
  bucket BBBGY N=6 ... (109.250081ms)
  bucket YYYBG N=7 ... (109.894422ms)
  bucket YGBBG N=7 ... (110.530356ms)
  bucket GBYYB N=7 ... (111.163959ms)
  bucket BBBGG N=7 ... (111.804133ms)
  bucket BGYYB N=7 ... (112.434999ms)
  bucket BBGBY N=8 ... (113.069676ms)
  bucket BYBBY N=8 ... (113.733494ms)
  bucket YYYBY N=8 ... (114.438369ms)
  bucket YBGBB N=8 ... (115.092664ms)
  bucket YBYBG N=9 ... (115.840949ms)
  bucket BGGBB N=9 ... (116.537632ms)
  bucket GYYBB N=9 ... (117.207591ms)
  bucket YBBYG N=9 ... (117.879157ms)
  bucket GYBBB N=9 ... (118.586396ms)
  bucket YBYGB N=10 ... (119.236357ms)
  bucket YGYBB N=10 ... (119.942252ms)
  bucket GBBBG N=10 ... (120.626568ms)
  bucket GGBBB N=10 ... (121.331733ms)
  bucket BBYYG N=10 ... (121.993656ms)
  bucket GBBYB N=11 ... (122.72042ms)
  bucket BYBBG N=11 ... (123.431435ms)
  bucket YYYYB N=12 ... (124.445861ms)
  bucket YBGYB N=12 ... (125.223968ms)
  bucket YBYYY N=13 ... (126.10829ms)
  bucket BBGBG N=13 ... (127.009508ms)
  bucket BYYBY N=13 ... (127.813095ms)
  bucket BYGBB N=15 ... (128.645235ms)
  bucket BBYGB N=16 ... (129.468238ms)
  bucket YYBBY N=16 ... (130.399644ms)
  bucket YBBYY N=17 ... (131.389774ms)
  bucket BYYYB N=20 ... (132.21208ms)
  bucket GBBBB N=20 ... (133.089519ms)
  bucket BYBYB N=20 ... (133.93191ms)
  bucket GBYBB N=20 ... (134.798215ms)
  bucket BBYBG N=21 ... (135.644651ms)
  bucket BBGYB N=22 ... (136.662046ms)
  bucket YYBYB N=22 ... (137.747155ms)
  bucket YBYBY N=23 ... (138.800409ms)
  bucket BGYBB N=23 ... (140.062262ms)
  bucket BBBYG N=24 ... (141.03008ms)
  bucket YBBBG N=24 ... (142.091981ms)
  bucket BBBGB N=25 ... (143.359424ms)
  bucket YBBGB N=28 ... (144.450019ms)
  bucket YGBBB N=30 ... (145.595709ms)
  bucket BBGBB N=30 ... (146.65743ms)
  bucket BBBYY N=31 ... (147.91746ms)
  bucket BBYYY N=35 ... (149.227959ms)
  bucket YYYBB N=42 ... (150.565129ms)
  bucket BBBBG N=45 ... (152.175363ms)
  bucket BBYBY N=47 ... (153.719438ms)
  bucket YBYYB N=49 ... (155.296429ms)
  bucket YBBBY N=49 ... (168.167346ms)
  bucket BGBBB N=52 ... (173.584729ms)
  bucket BYYBB N=59 ... (175.324037ms)
  bucket YYBBB N=60 ... (177.42928ms)
  bucket YBYBB N=61 ... (179.414455ms)
  bucket YBBYB N=77 ... (181.97167ms)
  bucket BYBBB N=84 ... (185.623598ms)
  bucket BBBBY N=84 ... (190.801555ms)
  bucket BBBYB N=98 ... (195.321369ms)
  bucket YBBBB N=110 ... (199.441529ms)
  bucket BBYBB N=145 ... (205.510632ms)
  bucket BBYYB N=160 ... (213.42829ms)
  bucket BBBBB N=196 ... (2.076469105s)
done (2.093155027s), expectimax nodes = 255336
